Release 14.2 - xst P.28xd (nt64)
Copyright (c) 1995-2012 Xilinx, Inc.  All rights reserved.
--> Parameter TMPDIR set to xst/projnav.tmp


Total REAL time to Xst completion: 0.00 secs
Total CPU time to Xst completion: 0.09 secs
 
--> Parameter xsthdpdir set to xst


Total REAL time to Xst completion: 0.00 secs
Total CPU time to Xst completion: 0.09 secs
 
--> Reading design: Question1.prj

TABLE OF CONTENTS
  1) Synthesis Options Summary
  2) HDL Parsing
  3) HDL Elaboration
  4) HDL Synthesis
       4.1) HDL Synthesis Report
  5) Advanced HDL Synthesis
       5.1) Advanced HDL Synthesis Report
  6) Low Level Synthesis
  7) Partition Report
  8) Design Summary
       8.1) Primitive and Black Box Usage
       8.2) Device utilization summary
       8.3) Partition Resource Summary
       8.4) Timing Report
            8.4.1) Clock Information
            8.4.2) Asynchronous Control Signals Information
            8.4.3) Timing Summary
            8.4.4) Timing Details
            8.4.5) Cross Clock Domains Report


=========================================================================
*                      Synthesis Options Summary                        *
=========================================================================
---- Source Parameters
Input File Name                    : "Question1.prj"
Ignore Synthesis Constraint File   : NO

---- Target Parameters
Output File Name                   : "Question1"
Output Format                      : NGC
Target Device                      : xc6slx4-3-tqg144

---- Source Options
Top Module Name                    : Question1
Automatic FSM Extraction           : YES
FSM Encoding Algorithm             : Auto
Safe Implementation                : No
FSM Style                          : LUT
RAM Extraction                     : Yes
RAM Style                          : Auto
ROM Extraction                     : Yes
Shift Register Extraction          : YES
ROM Style                          : Auto
Resource Sharing                   : YES
Asynchronous To Synchronous        : NO
Shift Register Minimum Size        : 2
Use DSP Block                      : Auto
Automatic Register Balancing       : No

---- Target Options
LUT Combining                      : Auto
Reduce Control Sets                : Auto
Add IO Buffers                     : YES
Global Maximum Fanout              : 100000
Add Generic Clock Buffer(BUFG)     : 16
Register Duplication               : YES
Optimize Instantiated Primitives   : NO
Use Clock Enable                   : Auto
Use Synchronous Set                : Auto
Use Synchronous Reset              : Auto
Pack IO Registers into IOBs        : Auto
Equivalent register Removal        : YES

---- General Options
Optimization Goal                  : Speed
Optimization Effort                : 1
Power Reduction                    : NO
Keep Hierarchy                     : No
Netlist Hierarchy                  : As_Optimized
RTL Output                         : Yes
Global Optimization                : AllClockNets
Read Cores                         : YES
Write Timing Constraints           : NO
Cross Clock Analysis               : NO
Hierarchy Separator                : /
Bus Delimiter                      : <>
Case Specifier                     : Maintain
Slice Utilization Ratio            : 100
BRAM Utilization Ratio             : 100
DSP48 Utilization Ratio            : 100
Auto BRAM Packing                  : NO
Slice Utilization Ratio Delta      : 5

=========================================================================


=========================================================================
*                          HDL Parsing                                  *
=========================================================================
Analyzing Verilog file "C:\Users\Chris\Documents\CompE470\Homework6\Homework6\Question1.v" into library work
Parsing module <Question1>.

=========================================================================
*                            HDL Elaboration                            *
=========================================================================

Elaborating module <Question1>.

=========================================================================
*                           HDL Synthesis                               *
=========================================================================

Synthesizing Unit <Question1>.
    Related source file is "C:\Users\Chris\Documents\CompE470\Homework6\Homework6\Question1.v".
        s1 = 3'b000
        s2 = 3'b001
        s3 = 3'b010
        s4 = 3'b011
        s5 = 3'b100
        s6 = 3'b101
    Found 3-bit register for signal <state>.
    Found 1-bit register for signal <unlock>.
    Found finite state machine <FSM_0> for signal <state>.
    -----------------------------------------------------------------------
    | States             | 5                                              |
    | Transitions        | 12                                             |
    | Inputs             | 2                                              |
    | Outputs            | 3                                              |
    | Clock              | clk (rising_edge)                              |
    | Reset              | rst (positive)                                 |
    | Reset type         | asynchronous                                   |
    | Reset State        | 000                                            |
    | Encoding           | auto                                           |
    | Implementation     | LUT                                            |
    -----------------------------------------------------------------------
    Summary:
	inferred   1 D-type flip-flop(s).
	inferred   1 Finite State Machine(s).
Unit <Question1> synthesized.

=========================================================================
HDL Synthesis Report

Macro Statistics
# Registers                                            : 1
 1-bit register                                        : 1
# FSMs                                                 : 1

=========================================================================

=========================================================================
*                       Advanced HDL Synthesis                          *
=========================================================================


=========================================================================
Advanced HDL Synthesis Report

Macro Statistics
# Registers                                            : 1
 Flip-Flops                                            : 1
# FSMs                                                 : 1

=========================================================================

=========================================================================
*                         Low Level Synthesis                           *
=========================================================================
Analyzing FSM <MFsm> for best encoding.
Optimizing FSM <FSM_0> on signal <state[1:3]> with user encoding.
-------------------
 State | Encoding
-------------------
 000   | 000
 001   | 001
 010   | 010
 011   | 011
 100   | 100
-------------------

Optimizing unit <Question1> ...

Mapping all equations...
Building and optimizing final netlist ...
Found area constraint ratio of 100 (+ 5) on block Question1, actual ratio is 0.

Final Macro Processing ...

=========================================================================
Final Register Report

Macro Statistics
# Registers                                            : 4
 Flip-Flops                                            : 4

=========================================================================

=========================================================================
*                           Partition Report                            *
=========================================================================

Partition Implementation Status
-------------------------------

  No Partitions were found in this design.

-------------------------------

=========================================================================
*                            Design Summary                             *
=========================================================================

Top Level Output File Name         : Question1.ngc

Primitive and Black Box Usage:
------------------------------
# BELS                             : 5
#      INV                         : 1
#      LUT4                        : 2
#      LUT5                        : 2
# FlipFlops/Latches                : 4
#      FDC                         : 3
#      FDCE                        : 1
# Clock Buffers                    : 1
#      BUFGP                       : 1
# IO Buffers                       : 4
#      IBUF                        : 3
#      OBUF                        : 1

Device utilization summary:
---------------------------

Selected Device : 6slx4tqg144-3 


Slice Logic Utilization: 
 Number of Slice Registers:               4  out of   4800     0%  
 Number of Slice LUTs:                    5  out of   2400     0%  
    Number used as Logic:                 5  out of   2400     0%  

Slice Logic Distribution: 
 Number of LUT Flip Flop pairs used:      9
   Number with an unused Flip Flop:       5  out of      9    55%  
   Number with an unused LUT:             4  out of      9    44%  
   Number of fully used LUT-FF pairs:     0  out of      9     0%  
   Number of unique control sets:         2

IO Utilization: 
 Number of IOs:                           5
 Number of bonded IOBs:                   5  out of    102     4%  

Specific Feature Utilization:
 Number of BUFG/BUFGCTRLs:                1  out of     16     6%  

---------------------------
Partition Resource Summary:
---------------------------

  No Partitions were found in this design.

---------------------------


=========================================================================
Timing Report

NOTE: THESE TIMING NUMBERS ARE ONLY A SYNTHESIS ESTIMATE.
      FOR ACCURATE TIMING INFORMATION PLEASE REFER TO THE TRACE REPORT
      GENERATED AFTER PLACE-and-ROUTE.

Clock Information:
------------------
-----------------------------------+------------------------+-------+
Clock Signal                       | Clock buffer(FF name)  | Load  |
-----------------------------------+------------------------+-------+
clk                                | BUFGP                  | 4     |
-----------------------------------+------------------------+-------+

Asynchronous Control Signals Information:
----------------------------------------
No asynchronous control signals found in this design

Timing Summary:
---------------
Speed Grade: -3

   Minimum period: 2.236ns (Maximum Frequency: 447.147MHz)
   Minimum input arrival time before clock: 2.555ns
   Maximum output required time after clock: 3.634ns
   Maximum combinational path delay: No path found

Timing Details:
---------------
All values displayed in nanoseconds (ns)

=========================================================================
Timing constraint: Default period analysis for Clock 'clk'
  Clock period: 2.236ns (frequency: 447.147MHz)
  Total number of paths / destination ports: 12 / 5
-------------------------------------------------------------------------
Delay:               2.236ns (Levels of Logic = 1)
  Source:            state_FSM_FFd3 (FF)
  Destination:       unlock (FF)
  Source Clock:      clk rising
  Destination Clock: clk rising

  Data Path: state_FSM_FFd3 to unlock
                                Gate     Net
    Cell:in->out      fanout   Delay   Delay  Logical Name (Net Name)
    ----------------------------------------  ------------
     FDC:C->Q              4   0.447   0.683  state_FSM_FFd3 (state_FSM_FFd3)
     INV:I->O              1   0.206   0.579  _n0033_inv11_cepot_INV_0 (_n0033_inv11_cepot)
     FDCE:CE                   0.322          unlock
    ----------------------------------------
    Total                      2.236ns (0.975ns logic, 1.261ns route)
                                       (43.6% logic, 56.4% route)

=========================================================================
Timing constraint: Default OFFSET IN BEFORE for Clock 'clk'
  Total number of paths / destination ports: 11 / 8
-------------------------------------------------------------------------
Offset:              2.555ns (Levels of Logic = 2)
  Source:            zero (PAD)
  Destination:       state_FSM_FFd1 (FF)
  Destination Clock: clk rising

  Data Path: zero to state_FSM_FFd1
                                Gate     Net
    Cell:in->out      fanout   Delay   Delay  Logical Name (Net Name)
    ----------------------------------------  ------------
     IBUF:I->O             4   1.222   1.028  zero_IBUF (zero_IBUF)
     LUT5:I0->O            1   0.203   0.000  state_FSM_FFd1-In1 (state_FSM_FFd1-In)
     FDC:D                     0.102          state_FSM_FFd1
    ----------------------------------------
    Total                      2.555ns (1.527ns logic, 1.028ns route)
                                       (59.8% logic, 40.2% route)

=========================================================================
Timing constraint: Default OFFSET OUT AFTER for Clock 'clk'
  Total number of paths / destination ports: 1 / 1
-------------------------------------------------------------------------
Offset:              3.634ns (Levels of Logic = 1)
  Source:            unlock (FF)
  Destination:       unlock (PAD)
  Source Clock:      clk rising

  Data Path: unlock to unlock
                                Gate     Net
    Cell:in->out      fanout   Delay   Delay  Logical Name (Net Name)
    ----------------------------------------  ------------
     FDCE:C->Q             2   0.447   0.616  unlock (unlock_OBUF)
     OBUF:I->O                 2.571          unlock_OBUF (unlock)
    ----------------------------------------
    Total                      3.634ns (3.018ns logic, 0.616ns route)
                                       (83.0% logic, 17.0% route)

=========================================================================

Cross Clock Domains Report:
--------------------------

Clock to Setup on destination clock clk
---------------+---------+---------+---------+---------+
               | Src:Rise| Src:Fall| Src:Rise| Src:Fall|
Source Clock   |Dest:Rise|Dest:Rise|Dest:Fall|Dest:Fall|
---------------+---------+---------+---------+---------+
clk            |    2.236|         |         |         |
---------------+---------+---------+---------+---------+

=========================================================================


Total REAL time to Xst completion: 7.00 secs
Total CPU time to Xst completion: 6.77 secs
 
--> 

Total memory usage is 254736 kilobytes

Number of errors   :    0 (   0 filtered)
Number of warnings :    0 (   0 filtered)
Number of infos    :    0 (   0 filtered)

